<?xml version="1.0" encoding="UTF-8"?>
<coverage generated="1598624265074" clover="3.2.0">
  <project timestamp="1598624265074" name="All files">
    <metrics statements="102" coveredstatements="98" conditionals="44" coveredconditionals="38" methods="50" coveredmethods="46" elements="196" coveredelements="182" complexity="0" loc="102" ncloc="102" packages="5" files="13" classes="13"/>
    <package name="src">
      <metrics statements="2" coveredstatements="1" conditionals="0" coveredconditionals="0" methods="1" coveredmethods="1"/>
      <file name="App.js" path="/home/lauro/MeusProjetos/uparepos/StarWarsHooksTable/src/App.js">
        <metrics statements="1" coveredstatements="1" conditionals="0" coveredconditionals="0" methods="1" coveredmethods="1"/>
        <line num="7" count="8" type="stmt"/>
      </file>
      <file name="index.js" path="/home/lauro/MeusProjetos/uparepos/StarWarsHooksTable/src/index.js">
        <metrics statements="1" coveredstatements="0" conditionals="0" coveredconditionals="0" methods="0" coveredmethods="0"/>
        <line num="6" count="0" type="stmt"/>
      </file>
    </package>
    <package name="src.components">
      <metrics statements="66" coveredstatements="63" conditionals="38" coveredconditionals="33" methods="36" coveredmethods="32"/>
      <file name="Dropdowns.js" path="/home/lauro/MeusProjetos/uparepos/StarWarsHooksTable/src/components/Dropdowns.js">
        <metrics statements="8" coveredstatements="8" conditionals="4" coveredconditionals="4" methods="4" coveredmethods="4"/>
        <line num="6" count="1" type="stmt"/>
        <line num="13" count="36" type="stmt"/>
        <line num="14" count="36" type="stmt"/>
        <line num="15" count="8" type="cond" truecount="2" falsecount="0"/>
        <line num="18" count="8" type="stmt"/>
        <line num="19" count="29" type="stmt"/>
        <line num="21" count="36" type="stmt"/>
        <line num="29" count="8" type="stmt"/>
      </file>
      <file name="GenerateColumns.js" path="/home/lauro/MeusProjetos/uparepos/StarWarsHooksTable/src/components/GenerateColumns.js">
        <metrics statements="5" coveredstatements="5" conditionals="0" coveredconditionals="0" methods="3" coveredmethods="3"/>
        <line num="4" count="1" type="stmt"/>
        <line num="8" count="35" type="stmt"/>
        <line num="10" count="35" type="stmt"/>
        <line num="14" count="8" type="stmt"/>
        <line num="18" count="140" type="stmt"/>
      </file>
      <file name="GenerateComparison.js" path="/home/lauro/MeusProjetos/uparepos/StarWarsHooksTable/src/components/GenerateComparison.js">
        <metrics statements="7" coveredstatements="7" conditionals="0" coveredconditionals="0" methods="4" coveredmethods="4"/>
        <line num="4" count="1" type="stmt"/>
        <line num="7" count="35" type="stmt"/>
        <line num="9" count="35" type="stmt"/>
        <line num="10" count="35" type="stmt"/>
        <line num="12" count="8" type="stmt"/>
        <line num="14" count="105" type="stmt"/>
        <line num="20" count="3" type="stmt"/>
      </file>
      <file name="GenerateTable.js" path="/home/lauro/MeusProjetos/uparepos/StarWarsHooksTable/src/components/GenerateTable.js">
        <metrics statements="24" coveredstatements="22" conditionals="22" coveredconditionals="18" methods="11" coveredmethods="9"/>
        <line num="4" count="1" type="stmt"/>
        <line num="5" count="71" type="stmt"/>
        <line num="6" count="71" type="cond" truecount="2" falsecount="0"/>
        <line num="7" count="71" type="cond" truecount="2" falsecount="2"/>
        <line num="8" count="0" type="stmt"/>
        <line num="10" count="71" type="cond" truecount="2" falsecount="2"/>
        <line num="11" count="0" type="stmt"/>
        <line num="13" count="71" type="cond" truecount="4" falsecount="0"/>
        <line num="14" count="180" type="stmt"/>
        <line num="16" count="31" type="stmt"/>
        <line num="19" count="1" type="stmt"/>
        <line num="20" count="36" type="stmt"/>
        <line num="21" count="71" type="stmt"/>
        <line num="22" count="36" type="stmt"/>
        <line num="24" count="182" type="stmt"/>
        <line num="26" count="173" type="stmt"/>
        <line num="28" count="2422" type="cond" truecount="2" falsecount="0"/>
        <line num="36" count="1" type="stmt"/>
        <line num="42" count="45" type="stmt"/>
        <line num="44" count="45" type="cond" truecount="2" falsecount="0"/>
        <line num="45" count="36" type="stmt"/>
        <line num="49" count="504" type="cond" truecount="2" falsecount="0"/>
        <line num="58" count="9" type="cond" truecount="2" falsecount="0"/>
        <line num="59" count="8" type="stmt"/>
      </file>
      <file name="ShowFilters.js" path="/home/lauro/MeusProjetos/uparepos/StarWarsHooksTable/src/components/ShowFilters.js">
        <metrics statements="5" coveredstatements="5" conditionals="2" coveredconditionals="2" methods="3" coveredmethods="3"/>
        <line num="4" count="1" type="stmt"/>
        <line num="8" count="36" type="stmt"/>
        <line num="10" count="36" type="cond" truecount="2" falsecount="0"/>
        <line num="13" count="53" type="stmt"/>
        <line num="21" count="1" type="stmt"/>
      </file>
      <file name="SortFilters.js" path="/home/lauro/MeusProjetos/uparepos/StarWarsHooksTable/src/components/SortFilters.js">
        <metrics statements="13" coveredstatements="12" conditionals="8" coveredconditionals="7" methods="9" coveredmethods="7"/>
        <line num="4" count="1" type="stmt"/>
        <line num="10" count="36" type="stmt"/>
        <line num="11" count="36" type="stmt"/>
        <line num="12" count="36" type="stmt"/>
        <line num="13" count="36" type="stmt"/>
        <line num="14" count="1" type="stmt"/>
        <line num="15" count="9" type="cond" truecount="2" falsecount="0"/>
        <line num="17" count="1" type="cond" truecount="1" falsecount="1"/>
        <line num="19" count="36" type="stmt"/>
        <line num="20" count="36" type="stmt"/>
        <line num="22" count="0" type="stmt"/>
        <line num="25" count="504" type="stmt"/>
        <line num="30" count="1" type="cond" truecount="4" falsecount="0"/>
      </file>
      <file name="Table.js" path="/home/lauro/MeusProjetos/uparepos/StarWarsHooksTable/src/components/Table.js">
        <metrics statements="4" coveredstatements="4" conditionals="2" coveredconditionals="2" methods="2" coveredmethods="2"/>
        <line num="9" count="1" type="stmt"/>
        <line num="10" count="45" type="stmt"/>
        <line num="12" count="45" type="stmt"/>
        <line num="16" count="1" type="stmt"/>
      </file>
    </package>
    <package name="src.context">
      <metrics statements="28" coveredstatements="28" conditionals="4" coveredconditionals="3" methods="10" coveredmethods="10"/>
      <file name="SWProvider.js" path="/home/lauro/MeusProjetos/uparepos/StarWarsHooksTable/src/context/SWProvider.js">
        <metrics statements="27" coveredstatements="27" conditionals="4" coveredconditionals="3" methods="10" coveredmethods="10"/>
        <line num="6" count="1" type="stmt"/>
        <line num="8" count="1" type="stmt"/>
        <line num="9" count="45" type="stmt"/>
        <line num="10" count="45" type="stmt"/>
        <line num="11" count="45" type="stmt"/>
        <line num="12" count="45" type="stmt"/>
        <line num="13" count="45" type="stmt"/>
        <line num="14" count="45" type="stmt"/>
        <line num="15" count="45" type="stmt"/>
        <line num="16" count="45" type="stmt"/>
        <line num="17" count="19" type="stmt"/>
        <line num="25" count="45" type="stmt"/>
        <line num="26" count="144" type="cond" truecount="2" falsecount="0"/>
        <line num="28" count="45" type="stmt"/>
        <line num="29" count="1" type="stmt"/>
        <line num="31" count="45" type="stmt"/>
        <line num="32" count="8" type="stmt"/>
        <line num="34" count="6" type="stmt"/>
        <line num="35" count="1" type="stmt"/>
        <line num="39" count="45" type="stmt"/>
        <line num="40" count="1" type="stmt"/>
        <line num="41" count="1" type="stmt"/>
        <line num="51" count="1" type="cond" truecount="1" falsecount="1"/>
        <line num="52" count="1" type="stmt"/>
        <line num="56" count="45" type="stmt"/>
        <line num="73" count="45" type="stmt"/>
        <line num="82" count="1" type="stmt"/>
      </file>
      <file name="starWarsContext.js" path="/home/lauro/MeusProjetos/uparepos/StarWarsHooksTable/src/context/starWarsContext.js">
        <metrics statements="1" coveredstatements="1" conditionals="0" coveredconditionals="0" methods="0" coveredmethods="0"/>
        <line num="3" count="1" type="stmt"/>
      </file>
    </package>
    <package name="src.services">
      <metrics statements="5" coveredstatements="5" conditionals="2" coveredconditionals="2" methods="3" coveredmethods="3"/>
      <file name="swAPI.js" path="/home/lauro/MeusProjetos/uparepos/StarWarsHooksTable/src/services/swAPI.js">
        <metrics statements="5" coveredstatements="5" conditionals="2" coveredconditionals="2" methods="3" coveredmethods="3"/>
        <line num="1" count="1" type="stmt"/>
        <line num="3" count="1" type="stmt"/>
        <line num="4" count="8" type="stmt"/>
        <line num="6" count="7" type="stmt"/>
        <line num="8" count="7" type="cond" truecount="2" falsecount="0"/>
      </file>
    </package>
    <package name="src.tests">
      <metrics statements="1" coveredstatements="1" conditionals="0" coveredconditionals="0" methods="0" coveredmethods="0"/>
      <file name="dataResults.js" path="/home/lauro/MeusProjetos/uparepos/StarWarsHooksTable/src/tests/dataResults.js">
        <metrics statements="1" coveredstatements="1" conditionals="0" coveredconditionals="0" methods="0" coveredmethods="0"/>
        <line num="1" count="1" type="stmt"/>
      </file>
    </package>
  </project>
</coverage>
