{"/home/lauro/MeusProjetos/uparepos/StarWarsHooksTable/src/App.js": {"path":"/home/lauro/MeusProjetos/uparepos/StarWarsHooksTable/src/App.js","statementMap":{"0":{"start":{"line":7,"column":2},"end":{"line":14,"column":4}}},"fnMap":{"0":{"name":"App","decl":{"start":{"line":6,"column":9},"end":{"line":6,"column":12}},"loc":{"start":{"line":6,"column":15},"end":{"line":15,"column":1}},"line":6}},"branchMap":{},"s":{"0":8},"f":{"0":8},"b":{},"_coverageSchema":"43e27e138ebf9cfc5966b082cf9a028302ed4184","hash":"4555fc68c7e329419f9185bbd0036034d7a566f0"}
,"/home/lauro/MeusProjetos/uparepos/StarWarsHooksTable/src/index.js": {"path":"/home/lauro/MeusProjetos/uparepos/StarWarsHooksTable/src/index.js","statementMap":{"0":{"start":{"line":6,"column":0},"end":{"line":6,"column":58}}},"fnMap":{},"branchMap":{},"s":{"0":0},"f":{},"b":{},"hash":"92987539c96307ac58acbe632e81bd0d58be9b86"}
,"/home/lauro/MeusProjetos/uparepos/StarWarsHooksTable/src/components/Dropdowns.js": {"path":"/home/lauro/MeusProjetos/uparepos/StarWarsHooksTable/src/components/Dropdowns.js","statementMap":{"0":{"start":{"line":6,"column":18},"end":{"line":37,"column":1}},"1":{"start":{"line":13,"column":6},"end":{"line":13,"column":27}},"2":{"start":{"line":14,"column":23},"end":{"line":20,"column":3}},"3":{"start":{"line":15,"column":4},"end":{"line":17,"column":42}},"4":{"start":{"line":18,"column":4},"end":{"line":19,"column":73}},"5":{"start":{"line":19,"column":24},"end":{"line":19,"column":70}},"6":{"start":{"line":21,"column":2},"end":{"line":36,"column":4}},"7":{"start":{"line":29,"column":25},"end":{"line":29,"column":39}}},"fnMap":{"0":{"name":"(anonymous_0)","decl":{"start":{"line":6,"column":18},"end":{"line":6,"column":19}},"loc":{"start":{"line":6,"column":24},"end":{"line":37,"column":1}},"line":6},"1":{"name":"(anonymous_1)","decl":{"start":{"line":14,"column":23},"end":{"line":14,"column":24}},"loc":{"start":{"line":14,"column":29},"end":{"line":20,"column":3}},"line":14},"2":{"name":"(anonymous_2)","decl":{"start":{"line":19,"column":14},"end":{"line":19,"column":15}},"loc":{"start":{"line":19,"column":24},"end":{"line":19,"column":70}},"line":19},"3":{"name":"(anonymous_3)","decl":{"start":{"line":29,"column":19},"end":{"line":29,"column":20}},"loc":{"start":{"line":29,"column":25},"end":{"line":29,"column":39}},"line":29}},"branchMap":{"0":{"loc":{"start":{"line":15,"column":15},"end":{"line":17,"column":40}},"type":"cond-expr","locations":[{"start":{"line":16,"column":8},"end":{"line":16,"column":26}},{"start":{"line":17,"column":8},"end":{"line":17,"column":40}}],"line":15},"1":{"loc":{"start":{"line":23,"column":7},"end":{"line":34,"column":47}},"type":"cond-expr","locations":[{"start":{"line":25,"column":6},"end":{"line":33,"column":7}},{"start":{"line":34,"column":10},"end":{"line":34,"column":47}}],"line":23}},"s":{"0":1,"1":36,"2":36,"3":8,"4":8,"5":29,"6":36,"7":8},"f":{"0":36,"1":8,"2":29,"3":8},"b":{"0":[3,5],"1":[35,1]},"_coverageSchema":"43e27e138ebf9cfc5966b082cf9a028302ed4184","hash":"bcfc3fcb103de3412ff4838391fc01ba2be103bc"}
,"/home/lauro/MeusProjetos/uparepos/StarWarsHooksTable/src/components/GenerateColumns.js": {"path":"/home/lauro/MeusProjetos/uparepos/StarWarsHooksTable/src/components/GenerateColumns.js","statementMap":{"0":{"start":{"line":4,"column":24},"end":{"line":22,"column":1}},"1":{"start":{"line":8,"column":6},"end":{"line":8,"column":27}},"2":{"start":{"line":10,"column":2},"end":{"line":21,"column":4}},"3":{"start":{"line":14,"column":25},"end":{"line":14,"column":60}},"4":{"start":{"line":18,"column":27},"end":{"line":18,"column":94}}},"fnMap":{"0":{"name":"(anonymous_0)","decl":{"start":{"line":4,"column":24},"end":{"line":4,"column":25}},"loc":{"start":{"line":4,"column":30},"end":{"line":22,"column":1}},"line":4},"1":{"name":"(anonymous_1)","decl":{"start":{"line":14,"column":18},"end":{"line":14,"column":19}},"loc":{"start":{"line":14,"column":25},"end":{"line":14,"column":60}},"line":14},"2":{"name":"(anonymous_2)","decl":{"start":{"line":18,"column":15},"end":{"line":18,"column":16}},"loc":{"start":{"line":18,"column":27},"end":{"line":18,"column":94}},"line":18}},"branchMap":{},"s":{"0":1,"1":35,"2":35,"3":8,"4":140},"f":{"0":35,"1":8,"2":140},"b":{},"_coverageSchema":"43e27e138ebf9cfc5966b082cf9a028302ed4184","hash":"d18a139e6273928dd8032634d64e9eceb5fea700"}
,"/home/lauro/MeusProjetos/uparepos/StarWarsHooksTable/src/components/GenerateComparison.js": {"path":"/home/lauro/MeusProjetos/uparepos/StarWarsHooksTable/src/components/GenerateComparison.js","statementMap":{"0":{"start":{"line":4,"column":27},"end":{"line":24,"column":1}},"1":{"start":{"line":7,"column":6},"end":{"line":7,"column":27}},"2":{"start":{"line":9,"column":21},"end":{"line":9,"column":59}},"3":{"start":{"line":10,"column":2},"end":{"line":23,"column":4}},"4":{"start":{"line":12,"column":64},"end":{"line":12,"column":103}},"5":{"start":{"line":14,"column":36},"end":{"line":14,"column":89}},"6":{"start":{"line":20,"column":25},"end":{"line":20,"column":59}}},"fnMap":{"0":{"name":"(anonymous_0)","decl":{"start":{"line":4,"column":27},"end":{"line":4,"column":28}},"loc":{"start":{"line":4,"column":33},"end":{"line":24,"column":1}},"line":4},"1":{"name":"(anonymous_1)","decl":{"start":{"line":12,"column":57},"end":{"line":12,"column":58}},"loc":{"start":{"line":12,"column":64},"end":{"line":12,"column":103}},"line":12},"2":{"name":"(anonymous_2)","decl":{"start":{"line":14,"column":24},"end":{"line":14,"column":25}},"loc":{"start":{"line":14,"column":36},"end":{"line":14,"column":89}},"line":14},"3":{"name":"(anonymous_3)","decl":{"start":{"line":20,"column":18},"end":{"line":20,"column":19}},"loc":{"start":{"line":20,"column":25},"end":{"line":20,"column":59}},"line":20}},"branchMap":{},"s":{"0":1,"1":35,"2":35,"3":35,"4":8,"5":105,"6":3},"f":{"0":35,"1":8,"2":105,"3":3},"b":{},"_coverageSchema":"43e27e138ebf9cfc5966b082cf9a028302ed4184","hash":"cc2a248cd94df81295f19cd518e4e5351f3fd219"}
,"/home/lauro/MeusProjetos/uparepos/StarWarsHooksTable/src/components/GenerateTable.js": {"path":"/home/lauro/MeusProjetos/uparepos/StarWarsHooksTable/src/components/GenerateTable.js","statementMap":{"0":{"start":{"line":4,"column":23},"end":{"line":17,"column":1}},"1":{"start":{"line":5,"column":40},"end":{"line":5,"column":53}},"2":{"start":{"line":6,"column":22},"end":{"line":6,"column":51}},"3":{"start":{"line":7,"column":2},"end":{"line":9,"column":3}},"4":{"start":{"line":8,"column":4},"end":{"line":8,"column":80}},"5":{"start":{"line":8,"column":42},"end":{"line":8,"column":78}},"6":{"start":{"line":10,"column":2},"end":{"line":12,"column":3}},"7":{"start":{"line":11,"column":4},"end":{"line":11,"column":80}},"8":{"start":{"line":11,"column":42},"end":{"line":11,"column":78}},"9":{"start":{"line":13,"column":2},"end":{"line":15,"column":3}},"10":{"start":{"line":14,"column":4},"end":{"line":14,"column":68}},"11":{"start":{"line":14,"column":42},"end":{"line":14,"column":66}},"12":{"start":{"line":16,"column":2},"end":{"line":16,"column":21}},"13":{"start":{"line":19,"column":21},"end":{"line":34,"column":1}},"14":{"start":{"line":20,"column":20},"end":{"line":20,"column":24}},"15":{"start":{"line":21,"column":2},"end":{"line":21,"column":76}},"16":{"start":{"line":21,"column":27},"end":{"line":21,"column":72}},"17":{"start":{"line":22,"column":2},"end":{"line":33,"column":10}},"18":{"start":{"line":24,"column":28},"end":{"line":24,"column":75}},"19":{"start":{"line":26,"column":8},"end":{"line":32,"column":16}},"20":{"start":{"line":28,"column":56},"end":{"line":29,"column":84}},"21":{"start":{"line":36,"column":22},"end":{"line":60,"column":1}},"22":{"start":{"line":42,"column":6},"end":{"line":42,"column":27}},"23":{"start":{"line":44,"column":2},"end":{"line":57,"column":3}},"24":{"start":{"line":45,"column":4},"end":{"line":56,"column":6}},"25":{"start":{"line":49,"column":49},"end":{"line":50,"column":79}},"26":{"start":{"line":58,"column":2},"end":{"line":58,"column":43}},"27":{"start":{"line":58,"column":15},"end":{"line":58,"column":41}},"28":{"start":{"line":59,"column":2},"end":{"line":59,"column":31}}},"fnMap":{"0":{"name":"(anonymous_0)","decl":{"start":{"line":4,"column":23},"end":{"line":4,"column":24}},"loc":{"start":{"line":4,"column":59},"end":{"line":17,"column":1}},"line":4},"1":{"name":"(anonymous_1)","decl":{"start":{"line":8,"column":30},"end":{"line":8,"column":31}},"loc":{"start":{"line":8,"column":42},"end":{"line":8,"column":78}},"line":8},"2":{"name":"(anonymous_2)","decl":{"start":{"line":11,"column":30},"end":{"line":11,"column":31}},"loc":{"start":{"line":11,"column":42},"end":{"line":11,"column":78}},"line":11},"3":{"name":"(anonymous_3)","decl":{"start":{"line":14,"column":30},"end":{"line":14,"column":31}},"loc":{"start":{"line":14,"column":42},"end":{"line":14,"column":66}},"line":14},"4":{"name":"(anonymous_4)","decl":{"start":{"line":19,"column":21},"end":{"line":19,"column":22}},"loc":{"start":{"line":19,"column":46},"end":{"line":34,"column":1}},"line":19},"5":{"name":"(anonymous_5)","decl":{"start":{"line":21,"column":18},"end":{"line":21,"column":19}},"loc":{"start":{"line":21,"column":25},"end":{"line":21,"column":74}},"line":21},"6":{"name":"(anonymous_6)","decl":{"start":{"line":24,"column":14},"end":{"line":24,"column":15}},"loc":{"start":{"line":24,"column":28},"end":{"line":24,"column":75}},"line":24},"7":{"name":"(anonymous_7)","decl":{"start":{"line":25,"column":11},"end":{"line":25,"column":12}},"loc":{"start":{"line":26,"column":8},"end":{"line":32,"column":16}},"line":26},"8":{"name":"(anonymous_8)","decl":{"start":{"line":28,"column":39},"end":{"line":28,"column":40}},"loc":{"start":{"line":28,"column":56},"end":{"line":29,"column":84}},"line":28},"9":{"name":"(anonymous_9)","decl":{"start":{"line":36,"column":22},"end":{"line":36,"column":23}},"loc":{"start":{"line":36,"column":28},"end":{"line":60,"column":1}},"line":36},"10":{"name":"(anonymous_10)","decl":{"start":{"line":49,"column":38},"end":{"line":49,"column":39}},"loc":{"start":{"line":49,"column":49},"end":{"line":50,"column":79}},"line":49}},"branchMap":{"0":{"loc":{"start":{"line":6,"column":22},"end":{"line":6,"column":51}},"type":"binary-expr","locations":[{"start":{"line":6,"column":22},"end":{"line":6,"column":35}},{"start":{"line":6,"column":39},"end":{"line":6,"column":51}}],"line":6},"1":{"loc":{"start":{"line":7,"column":2},"end":{"line":9,"column":3}},"type":"if","locations":[{"start":{"line":7,"column":2},"end":{"line":9,"column":3}},{"start":{"line":7,"column":2},"end":{"line":9,"column":3}}],"line":7},"2":{"loc":{"start":{"line":7,"column":6},"end":{"line":7,"column":46}},"type":"binary-expr","locations":[{"start":{"line":7,"column":6},"end":{"line":7,"column":32}},{"start":{"line":7,"column":36},"end":{"line":7,"column":46}}],"line":7},"3":{"loc":{"start":{"line":10,"column":2},"end":{"line":12,"column":3}},"type":"if","locations":[{"start":{"line":10,"column":2},"end":{"line":12,"column":3}},{"start":{"line":10,"column":2},"end":{"line":12,"column":3}}],"line":10},"4":{"loc":{"start":{"line":10,"column":6},"end":{"line":10,"column":46}},"type":"binary-expr","locations":[{"start":{"line":10,"column":6},"end":{"line":10,"column":32}},{"start":{"line":10,"column":36},"end":{"line":10,"column":46}}],"line":10},"5":{"loc":{"start":{"line":13,"column":2},"end":{"line":15,"column":3}},"type":"if","locations":[{"start":{"line":13,"column":2},"end":{"line":15,"column":3}},{"start":{"line":13,"column":2},"end":{"line":15,"column":3}}],"line":13},"6":{"loc":{"start":{"line":13,"column":6},"end":{"line":13,"column":45}},"type":"binary-expr","locations":[{"start":{"line":13,"column":6},"end":{"line":13,"column":31}},{"start":{"line":13,"column":35},"end":{"line":13,"column":45}}],"line":13},"7":{"loc":{"start":{"line":28,"column":56},"end":{"line":29,"column":84}},"type":"binary-expr","locations":[{"start":{"line":28,"column":56},"end":{"line":28,"column":67}},{"start":{"line":29,"column":17},"end":{"line":29,"column":84}}],"line":28},"8":{"loc":{"start":{"line":44,"column":2},"end":{"line":57,"column":3}},"type":"if","locations":[{"start":{"line":44,"column":2},"end":{"line":57,"column":3}},{"start":{"line":44,"column":2},"end":{"line":57,"column":3}}],"line":44},"9":{"loc":{"start":{"line":49,"column":49},"end":{"line":50,"column":79}},"type":"binary-expr","locations":[{"start":{"line":49,"column":49},"end":{"line":49,"column":69}},{"start":{"line":50,"column":17},"end":{"line":50,"column":79}}],"line":49},"10":{"loc":{"start":{"line":58,"column":2},"end":{"line":58,"column":43}},"type":"if","locations":[{"start":{"line":58,"column":2},"end":{"line":58,"column":43}},{"start":{"line":58,"column":2},"end":{"line":58,"column":43}}],"line":58}},"s":{"0":1,"1":71,"2":71,"3":71,"4":0,"5":0,"6":71,"7":0,"8":0,"9":71,"10":40,"11":180,"12":31,"13":1,"14":36,"15":36,"16":71,"17":36,"18":182,"19":173,"20":2422,"21":1,"22":45,"23":45,"24":36,"25":504,"26":9,"27":1,"28":8},"f":{"0":71,"1":0,"2":0,"3":180,"4":36,"5":71,"6":182,"7":173,"8":2422,"9":45,"10":504},"b":{"0":[71,40],"1":[0,71],"2":[71,0],"3":[0,71],"4":[71,0],"5":[40,31],"6":[71,53],"7":[2422,2249],"8":[36,9],"9":[504,468],"10":[1,8]},"_coverageSchema":"43e27e138ebf9cfc5966b082cf9a028302ed4184","hash":"a6305ef349a6b2294f6274672f4be40e13f39ca5"}
,"/home/lauro/MeusProjetos/uparepos/StarWarsHooksTable/src/components/ShowFilters.js": {"path":"/home/lauro/MeusProjetos/uparepos/StarWarsHooksTable/src/components/ShowFilters.js","statementMap":{"0":{"start":{"line":4,"column":20},"end":{"line":29,"column":1}},"1":{"start":{"line":8,"column":6},"end":{"line":8,"column":27}},"2":{"start":{"line":10,"column":2},"end":{"line":28,"column":4}},"3":{"start":{"line":13,"column":8},"end":{"line":25,"column":14}},"4":{"start":{"line":21,"column":27},"end":{"line":21,"column":69}}},"fnMap":{"0":{"name":"(anonymous_0)","decl":{"start":{"line":4,"column":20},"end":{"line":4,"column":21}},"loc":{"start":{"line":4,"column":26},"end":{"line":29,"column":1}},"line":4},"1":{"name":"(anonymous_1)","decl":{"start":{"line":12,"column":19},"end":{"line":12,"column":20}},"loc":{"start":{"line":13,"column":8},"end":{"line":25,"column":14}},"line":13},"2":{"name":"(anonymous_2)","decl":{"start":{"line":21,"column":21},"end":{"line":21,"column":22}},"loc":{"start":{"line":21,"column":27},"end":{"line":21,"column":69}},"line":21}},"branchMap":{"0":{"loc":{"start":{"line":10,"column":9},"end":{"line":28,"column":3}},"type":"binary-expr","locations":[{"start":{"line":10,"column":9},"end":{"line":10,"column":40}},{"start":{"line":11,"column":4},"end":{"line":27,"column":10}}],"line":10}},"s":{"0":1,"1":36,"2":36,"3":53,"4":1},"f":{"0":36,"1":53,"2":1},"b":{"0":[36,18]},"_coverageSchema":"43e27e138ebf9cfc5966b082cf9a028302ed4184","hash":"6e899989325a0f8a02e877c6329f15b83d48f4ca"}
,"/home/lauro/MeusProjetos/uparepos/StarWarsHooksTable/src/components/SortFilters.js": {"path":"/home/lauro/MeusProjetos/uparepos/StarWarsHooksTable/src/components/SortFilters.js","statementMap":{"0":{"start":{"line":4,"column":20},"end":{"line":33,"column":1}},"1":{"start":{"line":10,"column":6},"end":{"line":10,"column":27}},"2":{"start":{"line":11,"column":20},"end":{"line":11,"column":88}},"3":{"start":{"line":11,"column":29},"end":{"line":11,"column":86}},"4":{"start":{"line":12,"column":21},"end":{"line":12,"column":90}},"5":{"start":{"line":12,"column":30},"end":{"line":12,"column":88}},"6":{"start":{"line":13,"column":19},"end":{"line":18,"column":3}},"7":{"start":{"line":14,"column":30},"end":{"line":14,"column":41}},"8":{"start":{"line":15,"column":24},"end":{"line":16,"column":54}},"9":{"start":{"line":15,"column":44},"end":{"line":16,"column":53}},"10":{"start":{"line":17,"column":4},"end":{"line":17,"column":84}},"11":{"start":{"line":19,"column":30},"end":{"line":19,"column":66}},"12":{"start":{"line":19,"column":39},"end":{"line":19,"column":52}},"13":{"start":{"line":19,"column":53},"end":{"line":19,"column":64}},"14":{"start":{"line":20,"column":2},"end":{"line":32,"column":4}},"15":{"start":{"line":22,"column":30},"end":{"line":22,"column":43}},"16":{"start":{"line":25,"column":12},"end":{"line":27,"column":21}},"17":{"start":{"line":30,"column":97},"end":{"line":30,"column":119}}},"fnMap":{"0":{"name":"(anonymous_0)","decl":{"start":{"line":4,"column":20},"end":{"line":4,"column":21}},"loc":{"start":{"line":4,"column":26},"end":{"line":33,"column":1}},"line":4},"1":{"name":"(anonymous_1)","decl":{"start":{"line":11,"column":20},"end":{"line":11,"column":21}},"loc":{"start":{"line":11,"column":27},"end":{"line":11,"column":88}},"line":11},"2":{"name":"(anonymous_2)","decl":{"start":{"line":12,"column":21},"end":{"line":12,"column":22}},"loc":{"start":{"line":12,"column":28},"end":{"line":12,"column":90}},"line":12},"3":{"name":"(anonymous_3)","decl":{"start":{"line":13,"column":19},"end":{"line":13,"column":20}},"loc":{"start":{"line":13,"column":25},"end":{"line":18,"column":3}},"line":13},"4":{"name":"(anonymous_4)","decl":{"start":{"line":15,"column":34},"end":{"line":15,"column":35}},"loc":{"start":{"line":15,"column":44},"end":{"line":16,"column":53}},"line":15},"5":{"name":"(anonymous_5)","decl":{"start":{"line":19,"column":30},"end":{"line":19,"column":31}},"loc":{"start":{"line":19,"column":37},"end":{"line":19,"column":66}},"line":19},"6":{"name":"(anonymous_6)","decl":{"start":{"line":22,"column":23},"end":{"line":22,"column":24}},"loc":{"start":{"line":22,"column":30},"end":{"line":22,"column":43}},"line":22},"7":{"name":"(anonymous_7)","decl":{"start":{"line":24,"column":15},"end":{"line":24,"column":16}},"loc":{"start":{"line":25,"column":12},"end":{"line":27,"column":21}},"line":25},"8":{"name":"(anonymous_8)","decl":{"start":{"line":30,"column":90},"end":{"line":30,"column":91}},"loc":{"start":{"line":30,"column":97},"end":{"line":30,"column":119}},"line":30}},"branchMap":{"0":{"loc":{"start":{"line":15,"column":44},"end":{"line":16,"column":53}},"type":"binary-expr","locations":[{"start":{"line":15,"column":44},"end":{"line":15,"column":65}},{"start":{"line":15,"column":69},"end":{"line":16,"column":53}}],"line":15},"1":{"loc":{"start":{"line":17,"column":11},"end":{"line":17,"column":83}},"type":"cond-expr","locations":[{"start":{"line":17,"column":30},"end":{"line":17,"column":50}},{"start":{"line":17,"column":53},"end":{"line":17,"column":83}}],"line":17},"2":{"loc":{"start":{"line":30,"column":35},"end":{"line":30,"column":79}},"type":"cond-expr","locations":[{"start":{"line":30,"column":65},"end":{"line":30,"column":71}},{"start":{"line":30,"column":74},"end":{"line":30,"column":79}}],"line":30},"3":{"loc":{"start":{"line":30,"column":122},"end":{"line":30,"column":178}},"type":"cond-expr","locations":[{"start":{"line":30,"column":152},"end":{"line":30,"column":164}},{"start":{"line":30,"column":167},"end":{"line":30,"column":178}}],"line":30}},"s":{"0":1,"1":36,"2":36,"3":1,"4":36,"5":0,"6":36,"7":1,"8":1,"9":9,"10":1,"11":36,"12":1,"13":1,"14":36,"15":0,"16":504,"17":1},"f":{"0":36,"1":1,"2":0,"3":1,"4":9,"5":1,"6":0,"7":504,"8":1},"b":{"0":[9,9],"1":[0,1],"2":[35,1],"3":[35,1]},"_coverageSchema":"43e27e138ebf9cfc5966b082cf9a028302ed4184","hash":"2566451ad0c48a4cfd1050185ec1a63899a49e74"}
,"/home/lauro/MeusProjetos/uparepos/StarWarsHooksTable/src/components/Table.js": {"path":"/home/lauro/MeusProjetos/uparepos/StarWarsHooksTable/src/components/Table.js","statementMap":{"0":{"start":{"line":9,"column":14},"end":{"line":26,"column":1}},"1":{"start":{"line":10,"column":28},"end":{"line":10,"column":49}},"2":{"start":{"line":12,"column":2},"end":{"line":25,"column":4}},"3":{"start":{"line":16,"column":61},"end":{"line":16,"column":84}}},"fnMap":{"0":{"name":"(anonymous_0)","decl":{"start":{"line":9,"column":14},"end":{"line":9,"column":15}},"loc":{"start":{"line":9,"column":20},"end":{"line":26,"column":1}},"line":9},"1":{"name":"(anonymous_1)","decl":{"start":{"line":16,"column":54},"end":{"line":16,"column":55}},"loc":{"start":{"line":16,"column":61},"end":{"line":16,"column":84}},"line":16}},"branchMap":{"0":{"loc":{"start":{"line":14,"column":7},"end":{"line":22,"column":7}},"type":"binary-expr","locations":[{"start":{"line":14,"column":7},"end":{"line":14,"column":11}},{"start":{"line":15,"column":8},"end":{"line":21,"column":14}}],"line":14}},"s":{"0":1,"1":45,"2":45,"3":1},"f":{"0":45,"1":1},"b":{"0":[45,36]},"_coverageSchema":"43e27e138ebf9cfc5966b082cf9a028302ed4184","hash":"8cd1794c11e66a83fa999c0f40cc45bd2f98e647"}
,"/home/lauro/MeusProjetos/uparepos/StarWarsHooksTable/src/context/SWProvider.js": {"path":"/home/lauro/MeusProjetos/uparepos/StarWarsHooksTable/src/context/SWProvider.js","statementMap":{"0":{"start":{"line":6,"column":19},"end":{"line":6,"column":99}},"1":{"start":{"line":8,"column":19},"end":{"line":78,"column":1}},"2":{"start":{"line":9,"column":26},"end":{"line":9,"column":38}},"3":{"start":{"line":10,"column":28},"end":{"line":10,"column":42}},"4":{"start":{"line":11,"column":26},"end":{"line":11,"column":38}},"5":{"start":{"line":12,"column":44},"end":{"line":12,"column":64}},"6":{"start":{"line":13,"column":32},"end":{"line":13,"column":104}},"7":{"start":{"line":14,"column":34},"end":{"line":14,"column":78}},"8":{"start":{"line":15,"column":50},"end":{"line":15,"column":120}},"9":{"start":{"line":16,"column":33},"end":{"line":24,"column":3}},"10":{"start":{"line":17,"column":4},"end":{"line":23,"column":7}},"11":{"start":{"line":25,"column":26},"end":{"line":27,"column":3}},"12":{"start":{"line":26,"column":4},"end":{"line":26,"column":73}},"13":{"start":{"line":26,"column":45},"end":{"line":26,"column":69}},"14":{"start":{"line":28,"column":26},"end":{"line":30,"column":3}},"15":{"start":{"line":29,"column":4},"end":{"line":29,"column":31}},"16":{"start":{"line":31,"column":2},"end":{"line":37,"column":9}},"17":{"start":{"line":32,"column":4},"end":{"line":36,"column":8}},"18":{"start":{"line":34,"column":22},"end":{"line":34,"column":47}},"19":{"start":{"line":35,"column":22},"end":{"line":35,"column":47}},"20":{"start":{"line":39,"column":22},"end":{"line":53,"column":3}},"21":{"start":{"line":40,"column":26},"end":{"line":40,"column":96}},"22":{"start":{"line":40,"column":63},"end":{"line":40,"column":94}},"23":{"start":{"line":41,"column":26},"end":{"line":50,"column":5}},"24":{"start":{"line":51,"column":4},"end":{"line":51,"column":88}},"25":{"start":{"line":52,"column":4},"end":{"line":52,"column":49}},"26":{"start":{"line":56,"column":18},"end":{"line":71,"column":3}},"27":{"start":{"line":73,"column":2},"end":{"line":77,"column":4}},"28":{"start":{"line":82,"column":0},"end":{"line":84,"column":2}}},"fnMap":{"0":{"name":"(anonymous_0)","decl":{"start":{"line":8,"column":19},"end":{"line":8,"column":20}},"loc":{"start":{"line":8,"column":37},"end":{"line":78,"column":1}},"line":8},"1":{"name":"(anonymous_1)","decl":{"start":{"line":16,"column":33},"end":{"line":16,"column":34}},"loc":{"start":{"line":16,"column":47},"end":{"line":24,"column":3}},"line":16},"2":{"name":"(anonymous_2)","decl":{"start":{"line":25,"column":26},"end":{"line":25,"column":27}},"loc":{"start":{"line":25,"column":40},"end":{"line":27,"column":3}},"line":25},"3":{"name":"(anonymous_3)","decl":{"start":{"line":26,"column":34},"end":{"line":26,"column":35}},"loc":{"start":{"line":26,"column":45},"end":{"line":26,"column":69}},"line":26},"4":{"name":"(anonymous_4)","decl":{"start":{"line":28,"column":26},"end":{"line":28,"column":27}},"loc":{"start":{"line":28,"column":40},"end":{"line":30,"column":3}},"line":28},"5":{"name":"(anonymous_5)","decl":{"start":{"line":31,"column":12},"end":{"line":31,"column":13}},"loc":{"start":{"line":31,"column":18},"end":{"line":37,"column":3}},"line":31},"6":{"name":"(anonymous_6)","decl":{"start":{"line":34,"column":8},"end":{"line":34,"column":9}},"loc":{"start":{"line":34,"column":22},"end":{"line":34,"column":47}},"line":34},"7":{"name":"(anonymous_7)","decl":{"start":{"line":35,"column":8},"end":{"line":35,"column":9}},"loc":{"start":{"line":35,"column":22},"end":{"line":35,"column":47}},"line":35},"8":{"name":"(anonymous_8)","decl":{"start":{"line":39,"column":22},"end":{"line":39,"column":23}},"loc":{"start":{"line":39,"column":41},"end":{"line":53,"column":3}},"line":39},"9":{"name":"(anonymous_9)","decl":{"start":{"line":40,"column":39},"end":{"line":40,"column":40}},"loc":{"start":{"line":40,"column":63},"end":{"line":40,"column":94}},"line":40}},"branchMap":{"0":{"loc":{"start":{"line":26,"column":45},"end":{"line":26,"column":69}},"type":"cond-expr","locations":[{"start":{"line":26,"column":63},"end":{"line":26,"column":64}},{"start":{"line":26,"column":67},"end":{"line":26,"column":69}}],"line":26},"1":{"loc":{"start":{"line":51,"column":15},"end":{"line":51,"column":86}},"type":"cond-expr","locations":[{"start":{"line":51,"column":44},"end":{"line":51,"column":70}},{"start":{"line":51,"column":73},"end":{"line":51,"column":86}}],"line":51}},"s":{"0":1,"1":1,"2":45,"3":45,"4":45,"5":45,"6":45,"7":45,"8":45,"9":45,"10":19,"11":45,"12":6,"13":144,"14":45,"15":1,"16":45,"17":8,"18":6,"19":1,"20":45,"21":1,"22":1,"23":1,"24":1,"25":1,"26":45,"27":45,"28":1},"f":{"0":45,"1":19,"2":6,"3":144,"4":1,"5":8,"6":6,"7":1,"8":1,"9":1},"b":{"0":[72,72],"1":[1,0]},"_coverageSchema":"43e27e138ebf9cfc5966b082cf9a028302ed4184","hash":"460d33ae4abf4b5aff63af3637cd437c36181aa4"}
,"/home/lauro/MeusProjetos/uparepos/StarWarsHooksTable/src/context/starWarsContext.js": {"path":"/home/lauro/MeusProjetos/uparepos/StarWarsHooksTable/src/context/starWarsContext.js","statementMap":{"0":{"start":{"line":3,"column":18},"end":{"line":3,"column":33}}},"fnMap":{},"branchMap":{},"s":{"0":1},"f":{},"b":{},"_coverageSchema":"43e27e138ebf9cfc5966b082cf9a028302ed4184","hash":"1efbee3997eec0116fc627648636e6ae65ba1a25"}
,"/home/lauro/MeusProjetos/uparepos/StarWarsHooksTable/src/services/swAPI.js": {"path":"/home/lauro/MeusProjetos/uparepos/StarWarsHooksTable/src/services/swAPI.js","statementMap":{"0":{"start":{"line":1,"column":15},"end":{"line":1,"column":63}},"1":{"start":{"line":3,"column":32},"end":{"line":10,"column":1}},"2":{"start":{"line":4,"column":2},"end":{"line":9,"column":6}},"3":{"start":{"line":6,"column":6},"end":{"line":8,"column":85}},"4":{"start":{"line":8,"column":25},"end":{"line":8,"column":83}}},"fnMap":{"0":{"name":"(anonymous_0)","decl":{"start":{"line":3,"column":32},"end":{"line":3,"column":33}},"loc":{"start":{"line":4,"column":2},"end":{"line":9,"column":6}},"line":4},"1":{"name":"(anonymous_1)","decl":{"start":{"line":5,"column":10},"end":{"line":5,"column":11}},"loc":{"start":{"line":6,"column":6},"end":{"line":8,"column":85}},"line":6},"2":{"name":"(anonymous_2)","decl":{"start":{"line":8,"column":14},"end":{"line":8,"column":15}},"loc":{"start":{"line":8,"column":25},"end":{"line":8,"column":83}},"line":8}},"branchMap":{"0":{"loc":{"start":{"line":8,"column":25},"end":{"line":8,"column":83}},"type":"cond-expr","locations":[{"start":{"line":8,"column":39},"end":{"line":8,"column":60}},{"start":{"line":8,"column":63},"end":{"line":8,"column":83}}],"line":8}},"s":{"0":1,"1":1,"2":8,"3":7,"4":7},"f":{"0":8,"1":7,"2":7},"b":{"0":[6,1]},"_coverageSchema":"43e27e138ebf9cfc5966b082cf9a028302ed4184","hash":"aed13e1cc0211422987aaa8ade7c619d4e12d11e"}
,"/home/lauro/MeusProjetos/uparepos/StarWarsHooksTable/src/tests/dataResults.js": {"path":"/home/lauro/MeusProjetos/uparepos/StarWarsHooksTable/src/tests/dataResults.js","statementMap":{"0":{"start":{"line":1,"column":13},"end":{"line":234,"column":1}}},"fnMap":{},"branchMap":{},"s":{"0":1},"f":{},"b":{},"_coverageSchema":"43e27e138ebf9cfc5966b082cf9a028302ed4184","hash":"b5a0ee13fd6ef759ed2c7aa9d1be10e447f646cc"}
}
