TN:
SF:/home/lauro/MeusProjetos/uparepos/StarWarsHooksTable/src/App.js
FN:6,App
FNF:1
FNH:1
FNDA:8,App
DA:7,8
LF:1
LH:1
BRF:0
BRH:0
end_of_record
TN:
SF:/home/lauro/MeusProjetos/uparepos/StarWarsHooksTable/src/index.js
FNF:0
FNH:0
DA:6,0
LF:1
LH:0
BRF:0
BRH:0
end_of_record
TN:
SF:/home/lauro/MeusProjetos/uparepos/StarWarsHooksTable/src/components/Dropdowns.js
FN:6,(anonymous_0)
FN:14,(anonymous_1)
FN:19,(anonymous_2)
FN:29,(anonymous_3)
FNF:4
FNH:4
FNDA:36,(anonymous_0)
FNDA:8,(anonymous_1)
FNDA:29,(anonymous_2)
FNDA:8,(anonymous_3)
DA:6,1
DA:13,36
DA:14,36
DA:15,8
DA:18,8
DA:19,29
DA:21,36
DA:29,8
LF:8
LH:8
BRDA:15,0,0,3
BRDA:15,0,1,5
BRDA:23,1,0,35
BRDA:23,1,1,1
BRF:4
BRH:4
end_of_record
TN:
SF:/home/lauro/MeusProjetos/uparepos/StarWarsHooksTable/src/components/GenerateColumns.js
FN:4,(anonymous_0)
FN:14,(anonymous_1)
FN:18,(anonymous_2)
FNF:3
FNH:3
FNDA:35,(anonymous_0)
FNDA:8,(anonymous_1)
FNDA:140,(anonymous_2)
DA:4,1
DA:8,35
DA:10,35
DA:14,8
DA:18,140
LF:5
LH:5
BRF:0
BRH:0
end_of_record
TN:
SF:/home/lauro/MeusProjetos/uparepos/StarWarsHooksTable/src/components/GenerateComparison.js
FN:4,(anonymous_0)
FN:12,(anonymous_1)
FN:14,(anonymous_2)
FN:20,(anonymous_3)
FNF:4
FNH:4
FNDA:35,(anonymous_0)
FNDA:8,(anonymous_1)
FNDA:105,(anonymous_2)
FNDA:3,(anonymous_3)
DA:4,1
DA:7,35
DA:9,35
DA:10,35
DA:12,8
DA:14,105
DA:20,3
LF:7
LH:7
BRF:0
BRH:0
end_of_record
TN:
SF:/home/lauro/MeusProjetos/uparepos/StarWarsHooksTable/src/components/GenerateTable.js
FN:4,(anonymous_0)
FN:8,(anonymous_1)
FN:11,(anonymous_2)
FN:14,(anonymous_3)
FN:19,(anonymous_4)
FN:21,(anonymous_5)
FN:24,(anonymous_6)
FN:25,(anonymous_7)
FN:28,(anonymous_8)
FN:36,(anonymous_9)
FN:49,(anonymous_10)
FNF:11
FNH:9
FNDA:71,(anonymous_0)
FNDA:0,(anonymous_1)
FNDA:0,(anonymous_2)
FNDA:180,(anonymous_3)
FNDA:36,(anonymous_4)
FNDA:71,(anonymous_5)
FNDA:182,(anonymous_6)
FNDA:173,(anonymous_7)
FNDA:2422,(anonymous_8)
FNDA:45,(anonymous_9)
FNDA:504,(anonymous_10)
DA:4,1
DA:5,71
DA:6,71
DA:7,71
DA:8,0
DA:10,71
DA:11,0
DA:13,71
DA:14,180
DA:16,31
DA:19,1
DA:20,36
DA:21,71
DA:22,36
DA:24,182
DA:26,173
DA:28,2422
DA:36,1
DA:42,45
DA:44,45
DA:45,36
DA:49,504
DA:58,9
DA:59,8
LF:24
LH:22
BRDA:6,0,0,71
BRDA:6,0,1,40
BRDA:7,1,0,0
BRDA:7,1,1,71
BRDA:7,2,0,71
BRDA:7,2,1,0
BRDA:10,3,0,0
BRDA:10,3,1,71
BRDA:10,4,0,71
BRDA:10,4,1,0
BRDA:13,5,0,40
BRDA:13,5,1,31
BRDA:13,6,0,71
BRDA:13,6,1,53
BRDA:28,7,0,2422
BRDA:28,7,1,2249
BRDA:44,8,0,36
BRDA:44,8,1,9
BRDA:49,9,0,504
BRDA:49,9,1,468
BRDA:58,10,0,1
BRDA:58,10,1,8
BRF:22
BRH:18
end_of_record
TN:
SF:/home/lauro/MeusProjetos/uparepos/StarWarsHooksTable/src/components/ShowFilters.js
FN:4,(anonymous_0)
FN:12,(anonymous_1)
FN:21,(anonymous_2)
FNF:3
FNH:3
FNDA:36,(anonymous_0)
FNDA:53,(anonymous_1)
FNDA:1,(anonymous_2)
DA:4,1
DA:8,36
DA:10,36
DA:13,53
DA:21,1
LF:5
LH:5
BRDA:10,0,0,36
BRDA:10,0,1,18
BRF:2
BRH:2
end_of_record
TN:
SF:/home/lauro/MeusProjetos/uparepos/StarWarsHooksTable/src/components/SortFilters.js
FN:4,(anonymous_0)
FN:11,(anonymous_1)
FN:12,(anonymous_2)
FN:13,(anonymous_3)
FN:15,(anonymous_4)
FN:19,(anonymous_5)
FN:22,(anonymous_6)
FN:24,(anonymous_7)
FN:30,(anonymous_8)
FNF:9
FNH:7
FNDA:36,(anonymous_0)
FNDA:1,(anonymous_1)
FNDA:0,(anonymous_2)
FNDA:1,(anonymous_3)
FNDA:9,(anonymous_4)
FNDA:1,(anonymous_5)
FNDA:0,(anonymous_6)
FNDA:504,(anonymous_7)
FNDA:1,(anonymous_8)
DA:4,1
DA:10,36
DA:11,36
DA:12,36
DA:13,36
DA:14,1
DA:15,9
DA:17,1
DA:19,36
DA:20,36
DA:22,0
DA:25,504
DA:30,1
LF:13
LH:12
BRDA:15,0,0,9
BRDA:15,0,1,9
BRDA:17,1,0,0
BRDA:17,1,1,1
BRDA:30,2,0,35
BRDA:30,2,1,1
BRDA:30,3,0,35
BRDA:30,3,1,1
BRF:8
BRH:7
end_of_record
TN:
SF:/home/lauro/MeusProjetos/uparepos/StarWarsHooksTable/src/components/Table.js
FN:9,(anonymous_0)
FN:16,(anonymous_1)
FNF:2
FNH:2
FNDA:45,(anonymous_0)
FNDA:1,(anonymous_1)
DA:9,1
DA:10,45
DA:12,45
DA:16,1
LF:4
LH:4
BRDA:14,0,0,45
BRDA:14,0,1,36
BRF:2
BRH:2
end_of_record
TN:
SF:/home/lauro/MeusProjetos/uparepos/StarWarsHooksTable/src/context/SWProvider.js
FN:8,(anonymous_0)
FN:16,(anonymous_1)
FN:25,(anonymous_2)
FN:26,(anonymous_3)
FN:28,(anonymous_4)
FN:31,(anonymous_5)
FN:34,(anonymous_6)
FN:35,(anonymous_7)
FN:39,(anonymous_8)
FN:40,(anonymous_9)
FNF:10
FNH:10
FNDA:45,(anonymous_0)
FNDA:19,(anonymous_1)
FNDA:6,(anonymous_2)
FNDA:144,(anonymous_3)
FNDA:1,(anonymous_4)
FNDA:8,(anonymous_5)
FNDA:6,(anonymous_6)
FNDA:1,(anonymous_7)
FNDA:1,(anonymous_8)
FNDA:1,(anonymous_9)
DA:6,1
DA:8,1
DA:9,45
DA:10,45
DA:11,45
DA:12,45
DA:13,45
DA:14,45
DA:15,45
DA:16,45
DA:17,19
DA:25,45
DA:26,144
DA:28,45
DA:29,1
DA:31,45
DA:32,8
DA:34,6
DA:35,1
DA:39,45
DA:40,1
DA:41,1
DA:51,1
DA:52,1
DA:56,45
DA:73,45
DA:82,1
LF:27
LH:27
BRDA:26,0,0,72
BRDA:26,0,1,72
BRDA:51,1,0,1
BRDA:51,1,1,0
BRF:4
BRH:3
end_of_record
TN:
SF:/home/lauro/MeusProjetos/uparepos/StarWarsHooksTable/src/context/starWarsContext.js
FNF:0
FNH:0
DA:3,1
LF:1
LH:1
BRF:0
BRH:0
end_of_record
TN:
SF:/home/lauro/MeusProjetos/uparepos/StarWarsHooksTable/src/services/swAPI.js
FN:3,(anonymous_0)
FN:5,(anonymous_1)
FN:8,(anonymous_2)
FNF:3
FNH:3
FNDA:8,(anonymous_0)
FNDA:7,(anonymous_1)
FNDA:7,(anonymous_2)
DA:1,1
DA:3,1
DA:4,8
DA:6,7
DA:8,7
LF:5
LH:5
BRDA:8,0,0,6
BRDA:8,0,1,1
BRF:2
BRH:2
end_of_record
TN:
SF:/home/lauro/MeusProjetos/uparepos/StarWarsHooksTable/src/tests/dataResults.js
FNF:0
FNH:0
DA:1,1
LF:1
LH:1
BRF:0
BRH:0
end_of_record
